<?xml version="1.0" encoding="UTF-8"?>
<testng-results skipped="0" failed="4" total="5" passed="1">
  <reporter-output>
  </reporter-output>
  <suite name="Suite" duration-ms="144743" started-at="2019-09-14T12:27:40Z" finished-at="2019-09-14T12:30:05Z">
    <groups>
    </groups>
    <test name="LMS application chrome" duration-ms="144743" started-at="2019-09-14T12:27:40Z" finished-at="2019-09-14T12:30:05Z">
      <class name="com.Mytests.HomePageTest">
        <test-method status="PASS" signature="setUpTest(java.lang.String)[pri:0, instance:com.Mytests.HomePageTest@337d0578]" name="setUpTest" is-config="true" duration-ms="132575" started-at="2019-09-14T17:57:40Z" finished-at="2019-09-14T17:59:53Z">
          <params>
            <param index="0">
              <value>
                <![CDATA[chrome]]>
              </value>
            </param>
          </params>
          <reporter-output>
          </reporter-output>
        </test-method> <!-- setUpTest -->
        <test-method status="PASS" signature="setUpTest(java.lang.String)[pri:0, instance:com.Mytests.HomePageTest@337d0578]" name="setUpTest" is-config="true" duration-ms="132575" started-at="2019-09-14T17:57:40Z" finished-at="2019-09-14T17:59:53Z">
          <params>
            <param index="0">
              <value>
                <![CDATA[chrome]]>
              </value>
            </param>
          </params>
          <reporter-output>
          </reporter-output>
        </test-method> <!-- setUpTest -->
        <test-method status="FAIL" signature="VerifyHomePageTitle()[pri:1, instance:com.Mytests.HomePageTest@337d0578]" name="VerifyHomePageTitle" duration-ms="9833" started-at="2019-09-14T17:59:53Z" finished-at="2019-09-14T18:00:03Z">
          <exception class="java.lang.AssertionError">
            <message>
              <![CDATA[Title Mismatched expected [Edusmart] but found [Edusmart LMS]]]>
            </message>
            <full-stacktrace>
              <![CDATA[java.lang.AssertionError: Title Mismatched expected [Edusmart] but found [Edusmart LMS]
	at org.testng.Assert.fail(Assert.java:94)
	at org.testng.Assert.failNotEquals(Assert.java:513)
	at org.testng.Assert.assertEqualsImpl(Assert.java:135)
	at org.testng.Assert.assertEquals(Assert.java:116)
	at org.testng.Assert.assertEquals(Assert.java:190)
	at com.Mytests.HomePageTest.VerifyHomePageTitle(HomePageTest.java:22)
	at sun.reflect.NativeMethodAccessorImpl.invoke0(Native Method)
	at sun.reflect.NativeMethodAccessorImpl.invoke(NativeMethodAccessorImpl.java:62)
	at sun.reflect.DelegatingMethodAccessorImpl.invoke(DelegatingMethodAccessorImpl.java:43)
	at java.lang.reflect.Method.invoke(Method.java:498)
	at org.testng.internal.MethodInvocationHelper.invokeMethod(MethodInvocationHelper.java:86)
	at org.testng.internal.Invoker.invokeMethod(Invoker.java:643)
	at org.testng.internal.Invoker.invokeTestMethod(Invoker.java:820)
	at org.testng.internal.Invoker.invokeTestMethods(Invoker.java:1128)
	at org.testng.internal.TestMethodWorker.invokeTestMethods(TestMethodWorker.java:129)
	at org.testng.internal.TestMethodWorker.run(TestMethodWorker.java:112)
	at java.util.concurrent.ThreadPoolExecutor.runWorker(ThreadPoolExecutor.java:1149)
	at java.util.concurrent.ThreadPoolExecutor$Worker.run(ThreadPoolExecutor.java:624)
	at java.lang.Thread.run(Thread.java:748)
]]>
            </full-stacktrace>
          </exception> <!-- java.lang.AssertionError -->
          <reporter-output>
          </reporter-output>
        </test-method> <!-- VerifyHomePageTitle -->
        <test-method status="FAIL" signature="VerifyWorkspacelink()[pri:2, instance:com.Mytests.HomePageTest@337d0578]" name="VerifyWorkspacelink" duration-ms="12070" started-at="2019-09-14T17:59:53Z" finished-at="2019-09-14T18:00:05Z">
          <exception class="java.lang.NullPointerException">
            <full-stacktrace>
              <![CDATA[java.lang.NullPointerException
	at Pages.HomePage.clickworkspace(HomePage.java:36)
	at com.Mytests.HomePageTest.VerifyWorkspacelink(HomePageTest.java:30)
	at sun.reflect.NativeMethodAccessorImpl.invoke0(Native Method)
	at sun.reflect.NativeMethodAccessorImpl.invoke(NativeMethodAccessorImpl.java:62)
	at sun.reflect.DelegatingMethodAccessorImpl.invoke(DelegatingMethodAccessorImpl.java:43)
	at java.lang.reflect.Method.invoke(Method.java:498)
	at org.testng.internal.MethodInvocationHelper.invokeMethod(MethodInvocationHelper.java:86)
	at org.testng.internal.Invoker.invokeMethod(Invoker.java:643)
	at org.testng.internal.Invoker.invokeTestMethod(Invoker.java:820)
	at org.testng.internal.Invoker.invokeTestMethods(Invoker.java:1128)
	at org.testng.internal.TestMethodWorker.invokeTestMethods(TestMethodWorker.java:129)
	at org.testng.internal.TestMethodWorker.run(TestMethodWorker.java:112)
	at java.util.concurrent.ThreadPoolExecutor.runWorker(ThreadPoolExecutor.java:1149)
	at java.util.concurrent.ThreadPoolExecutor$Worker.run(ThreadPoolExecutor.java:624)
	at java.lang.Thread.run(Thread.java:748)
]]>
            </full-stacktrace>
          </exception> <!-- java.lang.NullPointerException -->
          <reporter-output>
          </reporter-output>
        </test-method> <!-- VerifyWorkspacelink -->
        <test-method status="PASS" signature="tearDown()[pri:0, instance:com.Mytests.HomePageTest@337d0578]" name="tearDown" is-config="true" duration-ms="1663" started-at="2019-09-14T18:00:03Z" finished-at="2019-09-14T18:00:04Z">
          <reporter-output>
          </reporter-output>
        </test-method> <!-- tearDown -->
        <test-method status="PASS" signature="tearDown()[pri:0, instance:com.Mytests.HomePageTest@337d0578]" name="tearDown" is-config="true" duration-ms="0" started-at="2019-09-14T18:00:05Z" finished-at="2019-09-14T18:00:05Z">
          <reporter-output>
          </reporter-output>
        </test-method> <!-- tearDown -->
      </class> <!-- com.Mytests.HomePageTest -->
      <class name="com.Mytests.LoginTest">
        <test-method status="PASS" signature="setUpTest(java.lang.String)[pri:0, instance:com.Mytests.LoginTest@7ca48474]" name="setUpTest" is-config="true" duration-ms="132575" started-at="2019-09-14T17:57:40Z" finished-at="2019-09-14T17:59:53Z">
          <params>
            <param index="0">
              <value>
                <![CDATA[chrome]]>
              </value>
            </param>
          </params>
          <reporter-output>
          </reporter-output>
        </test-method> <!-- setUpTest -->
        <test-method status="PASS" signature="setUpTest(java.lang.String)[pri:0, instance:com.Mytests.LoginTest@7ca48474]" name="setUpTest" is-config="true" duration-ms="132575" started-at="2019-09-14T17:57:40Z" finished-at="2019-09-14T17:59:53Z">
          <params>
            <param index="0">
              <value>
                <![CDATA[chrome]]>
              </value>
            </param>
          </params>
          <reporter-output>
          </reporter-output>
        </test-method> <!-- setUpTest -->
        <test-method status="PASS" signature="setUpTest(java.lang.String)[pri:0, instance:com.Mytests.LoginTest@7ca48474]" name="setUpTest" is-config="true" duration-ms="132575" started-at="2019-09-14T17:57:40Z" finished-at="2019-09-14T17:59:53Z">
          <params>
            <param index="0">
              <value>
                <![CDATA[chrome]]>
              </value>
            </param>
          </params>
          <reporter-output>
          </reporter-output>
        </test-method> <!-- setUpTest -->
        <test-method status="PASS" signature="VerifyLoginPageTitleTest()[pri:1, instance:com.Mytests.LoginTest@7ca48474]" name="VerifyLoginPageTitleTest" duration-ms="1251" started-at="2019-09-14T17:59:53Z" finished-at="2019-09-14T17:59:54Z">
          <reporter-output>
          </reporter-output>
        </test-method> <!-- VerifyLoginPageTitleTest -->
        <test-method status="FAIL" signature="doLoginTest()[pri:3, instance:com.Mytests.LoginTest@7ca48474]" name="doLoginTest" duration-ms="3559" started-at="2019-09-14T17:59:53Z" finished-at="2019-09-14T17:59:56Z">
          <exception class="java.lang.NullPointerException">
            <full-stacktrace>
              <![CDATA[java.lang.NullPointerException
	at Pages.LoginPage.doLogin(LoginPage.java:55)
	at com.Mytests.LoginTest.doLoginTest(LoginTest.java:39)
	at sun.reflect.NativeMethodAccessorImpl.invoke0(Native Method)
	at sun.reflect.NativeMethodAccessorImpl.invoke(NativeMethodAccessorImpl.java:62)
	at sun.reflect.DelegatingMethodAccessorImpl.invoke(DelegatingMethodAccessorImpl.java:43)
	at java.lang.reflect.Method.invoke(Method.java:498)
	at org.testng.internal.MethodInvocationHelper.invokeMethod(MethodInvocationHelper.java:86)
	at org.testng.internal.Invoker.invokeMethod(Invoker.java:643)
	at org.testng.internal.Invoker.invokeTestMethod(Invoker.java:820)
	at org.testng.internal.Invoker.invokeTestMethods(Invoker.java:1128)
	at org.testng.internal.TestMethodWorker.invokeTestMethods(TestMethodWorker.java:129)
	at org.testng.internal.TestMethodWorker.run(TestMethodWorker.java:112)
	at java.util.concurrent.ThreadPoolExecutor.runWorker(ThreadPoolExecutor.java:1149)
	at java.util.concurrent.ThreadPoolExecutor$Worker.run(ThreadPoolExecutor.java:624)
	at java.lang.Thread.run(Thread.java:748)
]]>
            </full-stacktrace>
          </exception> <!-- java.lang.NullPointerException -->
          <reporter-output>
          </reporter-output>
        </test-method> <!-- doLoginTest -->
        <test-method status="FAIL" signature="VerifyLoginPageHeaderTest()[pri:2, instance:com.Mytests.LoginTest@7ca48474]" name="VerifyLoginPageHeaderTest" duration-ms="3559" started-at="2019-09-14T17:59:53Z" finished-at="2019-09-14T17:59:56Z">
          <exception class="java.lang.NullPointerException">
            <full-stacktrace>
              <![CDATA[java.lang.NullPointerException
	at Pages.BasePage.getPageHeader(BasePage.java:24)
	at Pages.LoginPage.getLoginpageHeader(LoginPage.java:41)
	at com.Mytests.LoginTest.VerifyLoginPageHeaderTest(LoginTest.java:31)
	at sun.reflect.NativeMethodAccessorImpl.invoke0(Native Method)
	at sun.reflect.NativeMethodAccessorImpl.invoke(NativeMethodAccessorImpl.java:62)
	at sun.reflect.DelegatingMethodAccessorImpl.invoke(DelegatingMethodAccessorImpl.java:43)
	at java.lang.reflect.Method.invoke(Method.java:498)
	at org.testng.internal.MethodInvocationHelper.invokeMethod(MethodInvocationHelper.java:86)
	at org.testng.internal.Invoker.invokeMethod(Invoker.java:643)
	at org.testng.internal.Invoker.invokeTestMethod(Invoker.java:820)
	at org.testng.internal.Invoker.invokeTestMethods(Invoker.java:1128)
	at org.testng.internal.TestMethodWorker.invokeTestMethods(TestMethodWorker.java:129)
	at org.testng.internal.TestMethodWorker.run(TestMethodWorker.java:112)
	at java.util.concurrent.ThreadPoolExecutor.runWorker(ThreadPoolExecutor.java:1149)
	at java.util.concurrent.ThreadPoolExecutor$Worker.run(ThreadPoolExecutor.java:624)
	at java.lang.Thread.run(Thread.java:748)
]]>
            </full-stacktrace>
          </exception> <!-- java.lang.NullPointerException -->
          <reporter-output>
          </reporter-output>
        </test-method> <!-- VerifyLoginPageHeaderTest -->
        <test-method status="PASS" signature="tearDown()[pri:0, instance:com.Mytests.LoginTest@7ca48474]" name="tearDown" is-config="true" duration-ms="1980" started-at="2019-09-14T17:59:54Z" finished-at="2019-09-14T17:59:56Z">
          <reporter-output>
          </reporter-output>
        </test-method> <!-- tearDown -->
        <test-method status="PASS" signature="tearDown()[pri:0, instance:com.Mytests.LoginTest@7ca48474]" name="tearDown" is-config="true" duration-ms="0" started-at="2019-09-14T17:59:57Z" finished-at="2019-09-14T17:59:57Z">
          <reporter-output>
          </reporter-output>
        </test-method> <!-- tearDown -->
        <test-method status="PASS" signature="tearDown()[pri:0, instance:com.Mytests.LoginTest@7ca48474]" name="tearDown" is-config="true" duration-ms="0" started-at="2019-09-14T17:59:57Z" finished-at="2019-09-14T17:59:57Z">
          <reporter-output>
          </reporter-output>
        </test-method> <!-- tearDown -->
      </class> <!-- com.Mytests.LoginTest -->
    </test> <!-- LMS application chrome -->
  </suite> <!-- Suite -->
</testng-results>
