<?xml version="1.0" encoding="UTF-8"?>
<testng-results skipped="0" failed="3" total="5" passed="2">
  <reporter-output>
  </reporter-output>
  <suite name="Suite" duration-ms="78112" started-at="2019-09-13T10:22:22Z" finished-at="2019-09-13T10:23:40Z">
    <groups>
    </groups>
    <test name="LMS application chrome" duration-ms="78112" started-at="2019-09-13T10:22:22Z" finished-at="2019-09-13T10:23:40Z">
      <class name="com.Mytests.HomePageTest">
        <test-method status="PASS" signature="setUpTest(java.lang.String)[pri:0, instance:com.Mytests.HomePageTest@19dfb72a]" name="setUpTest" is-config="true" duration-ms="32062" started-at="2019-09-13T15:52:22Z" finished-at="2019-09-13T15:52:54Z">
          <params>
            <param index="0">
              <value>
                <![CDATA[chrome]]>
              </value>
            </param>
          </params>
          <reporter-output>
          </reporter-output>
        </test-method> <!-- setUpTest -->
        <test-method status="FAIL" signature="VerifyHomePageTitle()[pri:1, instance:com.Mytests.HomePageTest@19dfb72a]" name="VerifyHomePageTitle" duration-ms="13837" started-at="2019-09-13T15:52:54Z" finished-at="2019-09-13T15:53:08Z">
          <exception class="java.lang.AssertionError">
            <message>
              <![CDATA[Title Mismatched expected [Edusmart] but found [Edusmart LMS]]]>
            </message>
            <full-stacktrace>
              <![CDATA[java.lang.AssertionError: Title Mismatched expected [Edusmart] but found [Edusmart LMS]
	at org.testng.Assert.fail(Assert.java:94)
	at org.testng.Assert.failNotEquals(Assert.java:513)
	at org.testng.Assert.assertEqualsImpl(Assert.java:135)
	at org.testng.Assert.assertEquals(Assert.java:116)
	at org.testng.Assert.assertEquals(Assert.java:190)
	at com.Mytests.HomePageTest.VerifyHomePageTitle(HomePageTest.java:24)
	at sun.reflect.NativeMethodAccessorImpl.invoke0(Native Method)
	at sun.reflect.NativeMethodAccessorImpl.invoke(Unknown Source)
	at sun.reflect.DelegatingMethodAccessorImpl.invoke(Unknown Source)
	at java.lang.reflect.Method.invoke(Unknown Source)
	at org.testng.internal.MethodInvocationHelper.invokeMethod(MethodInvocationHelper.java:86)
	at org.testng.internal.Invoker.invokeMethod(Invoker.java:645)
	at org.testng.internal.Invoker.invokeTestMethod(Invoker.java:822)
	at org.testng.internal.Invoker.invokeTestMethods(Invoker.java:1130)
	at org.testng.internal.TestMethodWorker.invokeTestMethods(TestMethodWorker.java:129)
	at org.testng.internal.TestMethodWorker.run(TestMethodWorker.java:112)
	at java.util.concurrent.ThreadPoolExecutor.runWorker(Unknown Source)
	at java.util.concurrent.ThreadPoolExecutor$Worker.run(Unknown Source)
	at java.lang.Thread.run(Unknown Source)
]]>
            </full-stacktrace>
          </exception> <!-- java.lang.AssertionError -->
          <reporter-output>
          </reporter-output>
        </test-method> <!-- VerifyHomePageTitle -->
        <test-method status="PASS" signature="setUpTest(java.lang.String)[pri:0, instance:com.Mytests.HomePageTest@19dfb72a]" name="setUpTest" is-config="true" duration-ms="30337" started-at="2019-09-13T15:52:54Z" finished-at="2019-09-13T15:53:24Z">
          <params>
            <param index="0">
              <value>
                <![CDATA[chrome]]>
              </value>
            </param>
          </params>
          <reporter-output>
          </reporter-output>
        </test-method> <!-- setUpTest -->
        <test-method status="PASS" signature="tearDown()[pri:0, instance:com.Mytests.HomePageTest@19dfb72a]" name="tearDown" is-config="true" duration-ms="14468" started-at="2019-09-13T15:53:08Z" finished-at="2019-09-13T15:53:22Z">
          <reporter-output>
          </reporter-output>
        </test-method> <!-- tearDown -->
        <test-method status="FAIL" signature="VerifyWorkspacelink()[pri:2, instance:com.Mytests.HomePageTest@19dfb72a]" name="VerifyWorkspacelink" duration-ms="719" started-at="2019-09-13T15:53:24Z" finished-at="2019-09-13T15:53:25Z">
          <exception class="java.lang.NullPointerException">
            <full-stacktrace>
              <![CDATA[java.lang.NullPointerException
	at Pages.LoginPage.doLogin(LoginPage.java:55)
	at com.Mytests.HomePageTest.VerifyWorkspacelink(HomePageTest.java:31)
	at sun.reflect.NativeMethodAccessorImpl.invoke0(Native Method)
	at sun.reflect.NativeMethodAccessorImpl.invoke(Unknown Source)
	at sun.reflect.DelegatingMethodAccessorImpl.invoke(Unknown Source)
	at java.lang.reflect.Method.invoke(Unknown Source)
	at org.testng.internal.MethodInvocationHelper.invokeMethod(MethodInvocationHelper.java:86)
	at org.testng.internal.Invoker.invokeMethod(Invoker.java:645)
	at org.testng.internal.Invoker.invokeTestMethod(Invoker.java:822)
	at org.testng.internal.Invoker.invokeTestMethods(Invoker.java:1130)
	at org.testng.internal.TestMethodWorker.invokeTestMethods(TestMethodWorker.java:129)
	at org.testng.internal.TestMethodWorker.run(TestMethodWorker.java:112)
	at java.util.concurrent.ThreadPoolExecutor.runWorker(Unknown Source)
	at java.util.concurrent.ThreadPoolExecutor$Worker.run(Unknown Source)
	at java.lang.Thread.run(Unknown Source)
]]>
            </full-stacktrace>
          </exception> <!-- java.lang.NullPointerException -->
          <reporter-output>
          </reporter-output>
        </test-method> <!-- VerifyWorkspacelink -->
        <test-method status="PASS" signature="tearDown()[pri:0, instance:com.Mytests.HomePageTest@19dfb72a]" name="tearDown" is-config="true" duration-ms="0" started-at="2019-09-13T15:53:25Z" finished-at="2019-09-13T15:53:25Z">
          <reporter-output>
          </reporter-output>
        </test-method> <!-- tearDown -->
      </class> <!-- com.Mytests.HomePageTest -->
      <class name="com.Mytests.LoginTest">
        <test-method status="PASS" signature="setUpTest(java.lang.String)[pri:0, instance:com.Mytests.LoginTest@57829d67]" name="setUpTest" is-config="true" duration-ms="31464" started-at="2019-09-13T15:52:22Z" finished-at="2019-09-13T15:52:53Z">
          <params>
            <param index="0">
              <value>
                <![CDATA[chrome]]>
              </value>
            </param>
          </params>
          <reporter-output>
          </reporter-output>
        </test-method> <!-- setUpTest -->
        <test-method status="PASS" signature="VerifyLoginPageTitleTest()[pri:1, instance:com.Mytests.LoginTest@57829d67]" name="VerifyLoginPageTitleTest" duration-ms="25" started-at="2019-09-13T15:52:53Z" finished-at="2019-09-13T15:52:53Z">
          <reporter-output>
          </reporter-output>
        </test-method> <!-- VerifyLoginPageTitleTest -->
        <test-method status="PASS" signature="tearDown()[pri:0, instance:com.Mytests.LoginTest@57829d67]" name="tearDown" is-config="true" duration-ms="778" started-at="2019-09-13T15:52:53Z" finished-at="2019-09-13T15:52:54Z">
          <reporter-output>
          </reporter-output>
        </test-method> <!-- tearDown -->
        <test-method status="PASS" signature="setUpTest(java.lang.String)[pri:0, instance:com.Mytests.LoginTest@57829d67]" name="setUpTest" is-config="true" duration-ms="30619" started-at="2019-09-13T15:52:54Z" finished-at="2019-09-13T15:53:25Z">
          <params>
            <param index="0">
              <value>
                <![CDATA[chrome]]>
              </value>
            </param>
          </params>
          <reporter-output>
          </reporter-output>
        </test-method> <!-- setUpTest -->
        <test-method status="PASS" signature="setUpTest(java.lang.String)[pri:0, instance:com.Mytests.LoginTest@57829d67]" name="setUpTest" is-config="true" duration-ms="17675" started-at="2019-09-13T15:53:22Z" finished-at="2019-09-13T15:53:40Z">
          <params>
            <param index="0">
              <value>
                <![CDATA[chrome]]>
              </value>
            </param>
          </params>
          <reporter-output>
          </reporter-output>
        </test-method> <!-- setUpTest -->
        <test-method status="PASS" signature="VerifyLoginPageHeaderTest()[pri:2, instance:com.Mytests.LoginTest@57829d67]" name="VerifyLoginPageHeaderTest" duration-ms="347" started-at="2019-09-13T15:53:25Z" finished-at="2019-09-13T15:53:25Z">
          <reporter-output>
          </reporter-output>
        </test-method> <!-- VerifyLoginPageHeaderTest -->
        <test-method status="PASS" signature="tearDown()[pri:0, instance:com.Mytests.LoginTest@57829d67]" name="tearDown" is-config="true" duration-ms="12560" started-at="2019-09-13T15:53:25Z" finished-at="2019-09-13T15:53:37Z">
          <reporter-output>
          </reporter-output>
        </test-method> <!-- tearDown -->
        <test-method status="FAIL" signature="doLoginTest()[pri:3, instance:com.Mytests.LoginTest@57829d67]" name="doLoginTest" duration-ms="3" started-at="2019-09-13T15:53:40Z" finished-at="2019-09-13T15:53:40Z">
          <exception class="java.lang.NullPointerException">
            <full-stacktrace>
              <![CDATA[java.lang.NullPointerException
	at Pages.LoginPage.doLogin(LoginPage.java:55)
	at com.Mytests.LoginTest.doLoginTest(LoginTest.java:39)
	at sun.reflect.NativeMethodAccessorImpl.invoke0(Native Method)
	at sun.reflect.NativeMethodAccessorImpl.invoke(Unknown Source)
	at sun.reflect.DelegatingMethodAccessorImpl.invoke(Unknown Source)
	at java.lang.reflect.Method.invoke(Unknown Source)
	at org.testng.internal.MethodInvocationHelper.invokeMethod(MethodInvocationHelper.java:86)
	at org.testng.internal.Invoker.invokeMethod(Invoker.java:645)
	at org.testng.internal.Invoker.invokeTestMethod(Invoker.java:822)
	at org.testng.internal.Invoker.invokeTestMethods(Invoker.java:1130)
	at org.testng.internal.TestMethodWorker.invokeTestMethods(TestMethodWorker.java:129)
	at org.testng.internal.TestMethodWorker.run(TestMethodWorker.java:112)
	at java.util.concurrent.ThreadPoolExecutor.runWorker(Unknown Source)
	at java.util.concurrent.ThreadPoolExecutor$Worker.run(Unknown Source)
	at java.lang.Thread.run(Unknown Source)
]]>
            </full-stacktrace>
          </exception> <!-- java.lang.NullPointerException -->
          <reporter-output>
          </reporter-output>
        </test-method> <!-- doLoginTest -->
        <test-method status="PASS" signature="tearDown()[pri:0, instance:com.Mytests.LoginTest@57829d67]" name="tearDown" is-config="true" duration-ms="0" started-at="2019-09-13T15:53:40Z" finished-at="2019-09-13T15:53:40Z">
          <reporter-output>
          </reporter-output>
        </test-method> <!-- tearDown -->
      </class> <!-- com.Mytests.LoginTest -->
    </test> <!-- LMS application chrome -->
  </suite> <!-- Suite -->
</testng-results>
